# JRE version: Java(TM) SE Runtime Environment (8.0_91-b15) (build 1.8.0_91-b15)
# Java VM: Java HotSpot(TM) 64-Bit Server VM (25.91-b15 mixed mode windows-amd64 compressed oops)
Heap:
 PSYoungGen      total 858112K, used 858088K [0x000000076ab00000, 0x00000007c0000000, 0x00000007c0000000)
  eden space 465920K, 100% used [0x000000076ab00000,0x0000000787200000,0x0000000787200000)
  from space 392192K, 99% used [0x00000007a8100000,0x00000007bfffa0c8,0x00000007c0000000)
  to   space 465920K, 56% used [0x0000000787200000,0x000000079731dd30,0x00000007a3900000)
 ParOldGen       total 1003008K, used 949626K [0x00000006c0000000, 0x00000006fd380000, 0x000000076ab00000)
  object space 1003008K, 94% used [0x00000006c0000000,0x00000006f9f62a78,0x00000006fd380000)
 Metaspace       used 7146K, capacity 7672K, committed 7936K, reserved 1056768K
  class space    used 654K, capacity 688K, committed 768K, reserved 1048576K
GC Heap History (10 events):
Event: 16.546 GC heap after
Heap after GC invocations=15 (full 3):
 PSYoungGen      total 897024K, used 125861K [0x000000076ab00000, 0x00000007c0000000, 0x00000007c0000000)
  eden space 670720K, 0% used [0x000000076ab00000,0x000000076ab00000,0x0000000793a00000)
  from space 226304K, 55% used [0x00000007b2300000,0x00000007b9de9470,0x00000007c0000000)
  to   space 363520K, 0% used [0x0000000793a00000,0x0000000793a00000,0x00000007a9d00000)
 ParOldGen       total 1003008K, used 613395K [0x00000006c0000000, 0x00000006fd380000, 0x000000076ab00000)
  object space 1003008K, 61% used [0x00000006c0000000,0x00000006e5704f50,0x00000006fd380000)
 Metaspace       used 6850K, capacity 7384K, committed 7680K, reserved 1056768K
  class space    used 638K, capacity 656K, committed 768K, reserved 1048576K
}
Event: 17.508 GC heap before
{Heap before GC invocations=16 (full 3):
 PSYoungGen      total 897024K, used 796581K [0x000000076ab00000, 0x00000007c0000000, 0x00000007c0000000)
  eden space 670720K, 100% used [0x000000076ab00000,0x0000000793a00000,0x0000000793a00000)
  from space 226304K, 55% used [0x00000007b2300000,0x00000007b9de9470,0x00000007c0000000)
  to   space 363520K, 0% used [0x0000000793a00000,0x0000000793a00000,0x00000007a9d00000)
 ParOldGen       total 1003008K, used 613395K [0x00000006c0000000, 0x00000006fd380000, 0x000000076ab00000)
  object space 1003008K, 61% used [0x00000006c0000000,0x00000006e5704f50,0x00000006fd380000)
 Metaspace       used 6882K, capacity 7448K, committed 7680K, reserved 1056768K
  class space    used 640K, capacity 656K, committed 768K, reserved 1048576K
Event: 17.719 GC heap after
Heap after GC invocations=16 (full 3):
 PSYoungGen      total 1034240K, used 105116K [0x000000076ab00000, 0x00000007c0000000, 0x00000007c0000000)
  eden space 670720K, 0% used [0x000000076ab00000,0x000000076ab00000,0x0000000793a00000)
  from space 363520K, 28% used [0x0000000793a00000,0x000000079a0a7050,0x00000007a9d00000)
  to   space 343552K, 0% used [0x00000007ab080000,0x00000007ab080000,0x00000007c0000000)
 ParOldGen       total 1003008K, used 739932K [0x00000006c0000000, 0x00000006fd380000, 0x000000076ab00000)
  object space 1003008K, 73% used [0x00000006c0000000,0x00000006ed297218,0x00000006fd380000)
 Metaspace       used 6882K, capacity 7448K, committed 7680K, reserved 1056768K
  class space    used 640K, capacity 656K, committed 768K, reserved 1048576K
}
Event: 18.603 GC heap before
{Heap before GC invocations=17 (full 3):
 PSYoungGen      total 1034240K, used 775836K [0x000000076ab00000, 0x00000007c0000000, 0x00000007c0000000)
  eden space 670720K, 100% used [0x000000076ab00000,0x0000000793a00000,0x0000000793a00000)
  from space 363520K, 28% used [0x0000000793a00000,0x000000079a0a7050,0x00000007a9d00000)
  to   space 343552K, 0% used [0x00000007ab080000,0x00000007ab080000,0x00000007c0000000)
 ParOldGen       total 1003008K, used 739932K [0x00000006c0000000, 0x00000006fd380000, 0x000000076ab00000)
  object space 1003008K, 73% used [0x00000006c0000000,0x00000006ed297218,0x00000006fd380000)
 Metaspace       used 6885K, capacity 7448K, committed 7680K, reserved 1056768K
  class space    used 640K, capacity 656K, committed 768K, reserved 1048576K
Event: 18.737 GC heap after
Heap after GC invocations=17 (full 3):
 PSYoungGen      total 1024512K, used 197771K [0x000000076ab00000, 0x00000007bf680000, 0x00000007c0000000)
  eden space 690688K, 0% used [0x000000076ab00000,0x000000076ab00000,0x0000000794d80000)
  from space 333824K, 59% used [0x00000007ab080000,0x00000007b71a2c00,0x00000007bf680000)
  to   space 348672K, 0% used [0x0000000794d80000,0x0000000794d80000,0x00000007aa200000)
 ParOldGen       total 1003008K, used 739932K [0x00000006c0000000, 0x00000006fd380000, 0x000000076ab00000)
  object space 1003008K, 73% used [0x00000006c0000000,0x00000006ed297218,0x00000006fd380000)
 Metaspace       used 6885K, capacity 7448K, committed 7680K, reserved 1056768K
  class space    used 640K, capacity 656K, committed 768K, reserved 1048576K
}
Event: 19.585 GC heap before
{Heap before GC invocations=18 (full 3):
 PSYoungGen      total 1024512K, used 888459K [0x000000076ab00000, 0x00000007bf680000, 0x00000007c0000000)
  eden space 690688K, 100% used [0x000000076ab00000,0x0000000794d80000,0x0000000794d80000)
  from space 333824K, 59% used [0x00000007ab080000,0x00000007b71a2c00,0x00000007bf680000)
  to   space 348672K, 0% used [0x0000000794d80000,0x0000000794d80000,0x00000007aa200000)
 ParOldGen       total 1003008K, used 739932K [0x00000006c0000000, 0x00000006fd380000, 0x000000076ab00000)
  object space 1003008K, 73% used [0x00000006c0000000,0x00000006ed297218,0x00000006fd380000)
 Metaspace       used 6916K, capacity 7448K, committed 7680K, reserved 1056768K
  class space    used 641K, capacity 656K, committed 768K, reserved 1048576K
Event: 19.830 GC heap after
Heap after GC invocations=18 (full 3):
 PSYoungGen      total 997376K, used 306656K [0x000000076ab00000, 0x00000007c0000000, 0x00000007c0000000)
  eden space 690688K, 0% used [0x000000076ab00000,0x000000076ab00000,0x0000000794d80000)
  from space 306688K, 99% used [0x0000000794d80000,0x00000007a78f8270,0x00000007a7900000)
  to   space 392192K, 0% used [0x00000007a8100000,0x00000007a8100000,0x00000007c0000000)
 ParOldGen       total 1003008K, used 739932K [0x00000006c0000000, 0x00000006fd380000, 0x000000076ab00000)
  object space 1003008K, 73% used [0x00000006c0000000,0x00000006ed297218,0x00000006fd380000)
 Metaspace       used 6916K, capacity 7448K, committed 7680K, reserved 1056768K
  class space    used 641K, capacity 656K, committed 768K, reserved 1048576K
}
Event: 20.709 GC heap before
{Heap before GC invocations=19 (full 3):
 PSYoungGen      total 997376K, used 997344K [0x000000076ab00000, 0x00000007c0000000, 0x00000007c0000000)
  eden space 690688K, 100% used [0x000000076ab00000,0x0000000794d80000,0x0000000794d80000)
  from space 306688K, 99% used [0x0000000794d80000,0x00000007a78f8270,0x00000007a7900000)
  to   space 392192K, 0% used [0x00000007a8100000,0x00000007a8100000,0x00000007c0000000)
 ParOldGen       total 1003008K, used 739932K [0x00000006c0000000, 0x00000006fd380000, 0x000000076ab00000)
  object space 1003008K, 73% used [0x00000006c0000000,0x00000006ed297218,0x00000006fd380000)
 Metaspace       used 7143K, capacity 7672K, committed 7936K, reserved 1056768K
  class space    used 653K, capacity 688K, committed 768K, reserved 1048576K
Event: 21.010 GC heap after
Heap after GC invocations=19 (full 3):
 PSYoungGen      total 858112K, used 392168K [0x000000076ab00000, 0x00000007c0000000, 0x00000007c0000000)
  eden space 465920K, 0% used [0x000000076ab00000,0x000000076ab00000,0x0000000787200000)
  from space 392192K, 99% used [0x00000007a8100000,0x00000007bfffa0c8,0x00000007c0000000)
  to   space 465920K, 0% used [0x0000000787200000,0x0000000787200000,0x00000007a3900000)
 ParOldGen       total 1003008K, used 779547K [0x00000006c0000000, 0x00000006fd380000, 0x000000076ab00000)
  object space 1003008K, 77% used [0x00000006c0000000,0x00000006ef946c28,0x00000006fd380000)
 Metaspace       used 7143K, capacity 7672K, committed 7936K, reserved 1056768K
  class space    used 653K, capacity 688K, committed 768K, reserved 1048576K
}
Event: 21.403 GC heap before
{Heap before GC invocations=20 (full 3):
 PSYoungGen      total 858112K, used 858088K [0x000000076ab00000, 0x00000007c0000000, 0x00000007c0000000)
  eden space 465920K, 100% used [0x000000076ab00000,0x0000000787200000,0x0000000787200000)
  from space 392192K, 99% used [0x00000007a8100000,0x00000007bfffa0c8,0x00000007c0000000)
  to   space 465920K, 0% used [0x0000000787200000,0x0000000787200000,0x00000007a3900000)
 ParOldGen       total 1003008K, used 779547K [0x00000006c0000000, 0x00000006fd380000, 0x000000076ab00000)
  object space 1003008K, 77% used [0x00000006c0000000,0x00000006ef946c28,0x00000006fd380000)
 Metaspace       used 7146K, capacity 7672K, committed 7936K, reserved 1056768K
  class space    used 654K, capacity 688K, committed 768K, reserved 1048576K

